#
# There is insufficient memory for the Java Runtime Environment to continue.
# Native memory allocation (mmap) failed to map 130023424 bytes for Failed to commit area from 0x0000000084a00000 to 0x000000008c600000 of length 130023424.
# Possible reasons:
#   The system is out of physical RAM or swap space
#   The process is running with CompressedOops enabled, and the Java Heap may be blocking the growth of the native heap
# Possible solutions:
#   Reduce memory load on the system
#   Increase physical memory or swap space
#   Check if swap backing store is full
#   Decrease Java heap size (-Xmx/-Xms)
#   Decrease number of Java threads
#   Decrease Java thread stack sizes (-Xss)
#   Set larger code cache with -XX:ReservedCodeCacheSize=
# This output file may be truncated or incomplete.
#
#  Out of Memory Error (c:/BuildAgent/work/494cbf65e275b67e/src/hotspot/os/windows/os_windows.cpp:3272), pid=5516, tid=17148
#
# JRE version:  (11.0.3+12) (build )
# Java VM: OpenJDK 64-Bit Server VM (11.0.3+12-b304.10, mixed mode, aot, sharing, tiered, compressed oops, g1 gc, windows-amd64)
# No core dump will be written. Minidumps are not enabled by default on client versions of Windows
#

---------------  S U M M A R Y ------------

Command Line: -javaagent:C:\Program Files\JetBrains\IntelliJ IDEA Community Edition 2019.2\lib\idea_rt.jar=50909:C:\Program Files\JetBrains\IntelliJ IDEA Community Edition 2019.2\bin -Dfile.encoding=UTF-8 com.company.Main

Host: Intel(R) Core(TM) i5-5300U CPU @ 2.30GHz, 4 cores, 7G,  Windows 10 , 64 bit Build 17134 (10.0.17134.1425)
Time: Sun May 31 12:24:06 2020 India Standard Time elapsed time: 0 seconds (0d 0h 0m 0s)

---------------  T H R E A D  ---------------

Current thread (0x00000211ff38a800):  JavaThread "Unknown thread" [_thread_in_vm, id=17148, stack(0x00000034c1800000,0x00000034c1900000)]

Stack: [0x00000034c1800000,0x00000034c1900000]
Native frames: (J=compiled Java code, j=interpreted, Vv=VM code, C=native code)
V  [jvm.dll+0x5da77a]
V  [jvm.dll+0x70b9c9]
V  [jvm.dll+0x70cee8]
V  [jvm.dll+0x70d5b3]
V  [jvm.dll+0x23ddc8]
V  [jvm.dll+0x5d7ef4]
V  [jvm.dll+0x5ccfc5]
V  [jvm.dll+0x2fa44b]
V  [jvm.dll+0x2fa3ba]
V  [jvm.dll+0x2fa292]
V  [jvm.dll+0x2ff156]
V  [jvm.dll+0x3474c3]
V  [jvm.dll+0x347bc6]
V  [jvm.dll+0x3475c3]
V  [jvm.dll+0x2d4f68]
V  [jvm.dll+0x2d6107]
V  [jvm.dll+0x6eabf7]
V  [jvm.dll+0x6ec38c]
V  [jvm.dll+0x354c29]
V  [jvm.dll+0x6d28ae]
V  [jvm.dll+0x3bd363]
V  [jvm.dll+0x3bf7a1]
C  [java.exe+0x3763]
C  [java.exe+0x17a0c]
C  [KERNEL32.DLL+0x14034]
C  [ntdll.dll+0x73691]


---------------  P R O C E S S  ---------------

Threads class SMR info:
_java_thread_list=0x00000211fbba9f50, length=0, elements={
}

Java Threads: ( => current thread )

Other Threads:
  0x00000211ff3a2800 GCTaskThread "GC Thread#0" [stack: 0x00000034c1900000,0x00000034c1a00000] [id=16544]
  0x0000021196b94000 ConcurrentGCThread "G1 Main Marker" [stack: 0x00000034c1a00000,0x00000034c1b00000] [id=13812]
  0x0000021196b95000 ConcurrentGCThread "G1 Conc#0" [stack: 0x00000034c1b00000,0x00000034c1c00000] [id=16484]

[error occurred during error reporting (printing all threads), id 0xc0000005, EXCEPTION_ACCESS_VIOLATION (0xc0000005) at pc=0x00000211fdf45507]

VM state:not at safepoint (not fully initialized)

VM Mutex/Monitor currently owned by a thread:  ([mutex/lock_event])
[0x00000211ff386cf0] Heap_lock - owner thread: 0x00000211ff38a800

Heap address: 0x0000000084a00000, size: 1974 MB, Compressed Oops mode: Non-zero based: 0x0000000084a00000
Narrow klass base: 0x0000000000000000, Narrow klass shift: 0

GC Heap History (0 events):
No events

Deoptimization events (0 events):
No events

Classes redefined (0 events):
No events

Internal exceptions (0 events):
No events

Events (0 events):
No events


Dynamic libraries:
0x00007ff6fb030000 - 0x00007ff6fb077000 	C:\Program Files\JetBrains\IntelliJ IDEA Community Edition 2019.2\jbr\bin\java.exe
0x00007ff83d860000 - 0x00007ff83da41000 	C:\WINDOWS\SYSTEM32\ntdll.dll
0x00007ff83d6f0000 - 0x00007ff83d7a1000 	C:\WINDOWS\System32\KERNEL32.DLL
0x00007ff839d80000 - 0x00007ff839ff3000 	C:\WINDOWS\System32\KERNELBASE.dll
0x00007ff83aee0000 - 0x00007ff83b070000 	C:\WINDOWS\System32\USER32.dll
0x00007ff839c10000 - 0x00007ff839c30000 	C:\WINDOWS\System32\win32u.dll
0x00007ff83b070000 - 0x00007ff83b098000 	C:\WINDOWS\System32\GDI32.dll
0x00007ff83ab40000 - 0x00007ff83acd1000 	C:\WINDOWS\System32\gdi32full.dll
0x00007ff83a0e0000 - 0x00007ff83a17f000 	C:\WINDOWS\System32\msvcp_win.dll
0x00007ff839c30000 - 0x00007ff839d28000 	C:\WINDOWS\System32\ucrtbase.dll
0x00007ff820b80000 - 0x00007ff820de9000 	C:\WINDOWS\WinSxS\amd64_microsoft.windows.common-controls_6595b64144ccf1df_6.0.17134.1488_none_d4038d277c8d0b7d\COMCTL32.dll
0x00007ff83b430000 - 0x00007ff83b4ce000 	C:\WINDOWS\System32\msvcrt.dll
0x00007ff83be40000 - 0x00007ff83c161000 	C:\WINDOWS\System32\combase.dll
0x00007ff83bb00000 - 0x00007ff83bc24000 	C:\WINDOWS\System32\RPCRT4.dll
0x00007ff83a000000 - 0x00007ff83a079000 	C:\WINDOWS\System32\bcryptPrimitives.dll
0x00007ff83ade0000 - 0x00007ff83ae0d000 	C:\WINDOWS\System32\IMM32.DLL
0x00007ff82bdb0000 - 0x00007ff82bfa6000 	C:\WINDOWS\system32\tmumh\20019\AddOn\8.53.0.1027\TmUmEvt64.dll
0x00007ff83baf0000 - 0x00007ff83baf8000 	C:\WINDOWS\System32\PSAPI.DLL
0x00007ff83b0a0000 - 0x00007ff83b141000 	C:\WINDOWS\System32\ADVAPI32.dll
0x00007ff83bc40000 - 0x00007ff83bc9b000 	C:\WINDOWS\System32\sechost.dll
0x00000000544d0000 - 0x000000005463e000 	C:\WINDOWS\system32\tmumh\20019\TmMon\2.8.0.1041\tmmon64.dll
0x00007ff83d7b0000 - 0x00007ff83d801000 	C:\WINDOWS\System32\Shlwapi.dll
0x00000211fd550000 - 0x00000211fd567000 	C:\Program Files\JetBrains\IntelliJ IDEA Community Edition 2019.2\jbr\bin\vcruntime140.dll
0x00000211fd580000 - 0x00000211fd61d000 	C:\Program Files\JetBrains\IntelliJ IDEA Community Edition 2019.2\jbr\bin\msvcp140.dll
0x00000211fdc60000 - 0x00000211fe717000 	C:\Program Files\JetBrains\IntelliJ IDEA Community Edition 2019.2\jbr\bin\server\jvm.dll
0x00000211fe720000 - 0x00000211fe729000 	C:\WINDOWS\SYSTEM32\WSOCK32.dll
0x00000211fe730000 - 0x00000211fe79c000 	C:\WINDOWS\System32\WS2_32.dll
0x00000211fe7a0000 - 0x00000211fe7c3000 	C:\WINDOWS\SYSTEM32\WINMM.dll
0x00000211fe7d0000 - 0x00000211fe7da000 	C:\WINDOWS\SYSTEM32\VERSION.dll
0x00000211fe7e0000 - 0x00000211fe80a000 	C:\WINDOWS\SYSTEM32\WINMMBASE.dll
0x00000211fe810000 - 0x00000211fe859000 	C:\WINDOWS\System32\cfgmgr32.dll
0x00000211fe880000 - 0x00000211fe891000 	C:\WINDOWS\System32\kernel.appcore.dll
0x00000211fe8a0000 - 0x00000211fe8b1000 	C:\Program Files\JetBrains\IntelliJ IDEA Community Edition 2019.2\jbr\bin\verify.dll
0x00000211fe8d0000 - 0x00000211fea99000 	C:\WINDOWS\SYSTEM32\DBGHELP.DLL
0x00000211feaa0000 - 0x00000211feac9000 	C:\WINDOWS\SYSTEM32\dbgcore.DLL
0x00000211fead0000 - 0x00000211feaf9000 	C:\Program Files\JetBrains\IntelliJ IDEA Community Edition 2019.2\jbr\bin\java.dll
0x00000211feb20000 - 0x00000211feb54000 	C:\Program Files\JetBrains\IntelliJ IDEA Community Edition 2019.2\jbr\bin\instrument.dll
0x00000211feb80000 - 0x00000211feb97000 	C:\Program Files\JetBrains\IntelliJ IDEA Community Edition 2019.2\jbr\bin\zip.dll
0x00000211febb0000 - 0x00000211febbb000 	C:\Program Files\JetBrains\IntelliJ IDEA Community Edition 2019.2\jbr\bin\jimage.dll

dbghelp: loaded successfully - version: 4.0.5 - missing functions: none
symbol engine: initialized successfully - sym options: 0x614 - pdb path: .;C:\Program Files\JetBrains\IntelliJ IDEA Community Edition 2019.2\jbr\bin;C:\WINDOWS\SYSTEM32;C:\WINDOWS\WinSxS\amd64_microsoft.windows.common-controls_6595b64144ccf1df_6.0.17134.1488_none_d4038d277c8d0b7d;C:\WINDOWS\system32\tmumh\20019\AddOn\8.53.0.1027;C:\WINDOWS\system32\tmumh\20019\TmMon\2.8.0.1041;C:\Program Files\JetBrains\IntelliJ IDEA Community Edition 2019.2\jbr\bin\server

VM Arguments:
jvm_args: -javaagent:C:\Program Files\JetBrains\IntelliJ IDEA Community Edition 2019.2\lib\idea_rt.jar=50909:C:\Program Files\JetBrains\IntelliJ IDEA Community Edition 2019.2\bin -Dfile.encoding=UTF-8 
java_command: com.company.Main
java_class_path (initial): C:\Users\Jaspreet.Singh\Desktop\search-engine\puneet-searchEngine-api\Indexing\out\production\Indexing;C:\Users\Jaspreet.Singh\.m2\repository\org\jsoup\jsoup\1.11.3\jsoup-1.11.3.jar;C:\Users\Jaspreet.Singh\.m2\repository\mysql\mysql-connector-java\8.0.17\mysql-connector-java-8.0.17.jar;C:\Users\Jaspreet.Singh\.m2\repository\com\google\protobuf\protobuf-java\3.6.1\protobuf-java-3.6.1.jar;C:\Users\Jaspreet.Singh\.m2\repository\org\mongodb\mongo-java-driver\3.12.0\mongo-java-driver-3.12.0.jar
Launcher Type: SUN_STANDARD

[Global flags]
     intx CICompilerCount                          = 3                                         {product} {ergonomic}
     uint ConcGCThreads                            = 1                                         {product} {ergonomic}
     uint G1ConcRefinementThreads                  = 4                                         {product} {ergonomic}
   size_t G1HeapRegionSize                         = 1048576                                   {product} {ergonomic}
    uintx GCDrainStackTargetSize                   = 64                                        {product} {ergonomic}
   size_t InitialHeapSize                          = 130023424                                 {product} {ergonomic}
   size_t MarkStackSize                            = 4194304                                   {product} {ergonomic}
   size_t MaxHeapSize                              = 2069889024                                {product} {ergonomic}
   size_t MinHeapDeltaBytes                        = 1048576                                   {product} {ergonomic}
    uintx NonNMethodCodeHeapSize                   = 5830092                                {pd product} {ergonomic}
    uintx NonProfiledCodeHeapSize                  = 122914074                              {pd product} {ergonomic}
    uintx ProfiledCodeHeapSize                     = 122914074                              {pd product} {ergonomic}
    uintx ReservedCodeCacheSize                    = 251658240                              {pd product} {ergonomic}
     bool SegmentedCodeCache                       = true                                      {product} {ergonomic}
     bool UseCompressedClassPointers               = true                                 {lp64_product} {ergonomic}
     bool UseCompressedOops                        = true                                 {lp64_product} {ergonomic}
     bool UseG1GC                                  = true                                      {product} {ergonomic}
     bool UseLargePagesIndividualAllocation        = false                                  {pd product} {ergonomic}

Logging:
Log output configuration:
 #0: stdout all=warning uptime,level,tags
 #1: stderr all=off uptime,level,tags

Environment Variables:
PATH=C:\Program Files\JetBrains\IntelliJ IDEA Community Edition 2019.2\jbr\\bin;C:\Program Files\JetBrains\IntelliJ IDEA Community Edition 2019.2\jbr\\bin\server;C:\Program Files (x86)\Common Files\Oracle\Java\javapath;C:\WINDOWS\system32;C:\WINDOWS;C:\WINDOWS\System32\Wbem;C:\WINDOWS\System32\WindowsPowerShell\v1.0\;C:\Imager1.5\usb_imaging_tool_1.5\usb_imaging_tool;C:\WINDOWS\System32\OpenSSH\;C:\Program Files\Intel\WiFi\bin\;C:\Program Files\Common Files\Intel\WirelessCommon\;C:\Program Files\nodejs\;C:\Program Files\PuTTY\;C:\Users\Jaspreet.Singh\AppData\Local\Microsoft\WindowsApps;C:\Users\Jaspreet.Singh\AppData\Roaming\npm;C:\Users\Jaspreet.Singh\AppData\Local\GitHubDesktop\bin;C:\Users\Jaspreet.Singh\AppData\Local\Programs\Microsoft VS Code\bin
USERNAME=jaspreet.singh
OS=Windows_NT
PROCESSOR_IDENTIFIER=Intel64 Family 6 Model 61 Stepping 4, GenuineIntel



---------------  S Y S T E M  ---------------

OS: Windows 10 , 64 bit Build 17134 (10.0.17134.1425)

CPU:total 4 (initial active 4) (2 cores per cpu, 2 threads per core) family 6 model 61 stepping 4, cmov, cx8, fxsr, mmx, sse, sse2, sse3, ssse3, sse4.1, sse4.2, popcnt, avx, avx2, aes, clmul, erms, rtm, 3dnowpref, lzcnt, ht, tsc, tscinvbit, bmi1, bmi2, adx, fma

Memory: 4k page, system-wide physical 7888M (596M free)
TotalPageFile size 32464M (AvailPageFile size 64M)
current process WorkingSet (physical memory assigned to process): 13M, peak: 13M
current process commit charge ("private bytes"): 56M, peak: 180M

vm_info: OpenJDK 64-Bit Server VM (11.0.3+12-b304.10) for windows-amd64 JRE (11.0.3+12-b304.10), built on Jun 25 2019 07:10:45 by "" with MS VC++ 14.0 (VS2015)

END.
